<?xml version="1.0" encoding="UTF-8"?>
<testng-results skipped="0" failed="0" ignored="0" total="2" passed="2">
  <reporter-output>
  </reporter-output>
  <suite name="Default suite" duration-ms="2542" started-at="2018-12-26T12:23:17Z" finished-at="2018-12-26T12:23:20Z">
    <groups>
    </groups>
    <test name="Default test" duration-ms="2542" started-at="2018-12-26T12:23:17Z" finished-at="2018-12-26T12:23:20Z">
      <class name="api.BaseClass">
        <test-method status="PASS" signature="getMethod()[pri:0, instance:api.BaseClass@6fdbe764]" name="getMethod" duration-ms="2437" started-at="2018-12-26T12:23:18Z" finished-at="2018-12-26T12:23:20Z">
          <reporter-output>
          </reporter-output>
        </test-method> <!-- getMethod -->
        <test-method status="PASS" signature="validateResponse()[pri:1, instance:api.BaseClass@6fdbe764]" name="validateResponse" duration-ms="37" started-at="2018-12-26T12:23:20Z" finished-at="2018-12-26T12:23:20Z">
          <reporter-output>
          </reporter-output>
        </test-method> <!-- validateResponse -->
      </class> <!-- api.BaseClass -->
    </test> <!-- Default test -->
  </suite> <!-- Default suite -->
</testng-results>
